0 info it worked if it ends with ok
1 verbose cli [ '/usr/local/bin/node',
1 verbose cli   '/usr/local/bin/npm',
1 verbose cli   'run',
1 verbose cli   'publish',
1 verbose cli   'check-fail-rds' ]
2 info using npm@3.3.12
3 info using node@v5.4.1
4 verbose run-script [ 'prepublish', 'publish', 'postpublish' ]
5 info lifecycle opsee@1.0.0~prepublish: opsee@1.0.0
6 silly lifecycle opsee@1.0.0~prepublish: no script for prepublish, continuing
7 info lifecycle opsee@1.0.0~publish: opsee@1.0.0
8 verbose lifecycle opsee@1.0.0~publish: unsafe-perm in lifecycle true
9 verbose lifecycle opsee@1.0.0~publish: PATH: /usr/local/lib/node_modules/npm/bin/node-gyp-bin:/Users/stephenboak/Sites/lasape/node_modules/.bin:/Users/stephenboak/.rbenv/shims:/usr/local/bin:/usr/bin:/bin:/usr/sbin:/sbin:~/bin:/Users/stephenboak/.ec2/bin
10 verbose lifecycle opsee@1.0.0~publish: CWD: /Users/stephenboak/Sites/lasape
11 silly lifecycle opsee@1.0.0~publish: Args: [ '-c', 'node ./bin/publish.js "check-fail-rds"' ]
12 silly lifecycle opsee@1.0.0~publish: Returned: code: 1  signal: null
13 info lifecycle opsee@1.0.0~publish: Failed to exec publish script
14 verbose stack Error: opsee@1.0.0 publish: `node ./bin/publish.js "check-fail-rds"`
14 verbose stack Exit status 1
14 verbose stack     at EventEmitter.<anonymous> (/usr/local/lib/node_modules/npm/lib/utils/lifecycle.js:232:16)
14 verbose stack     at emitTwo (events.js:87:13)
14 verbose stack     at EventEmitter.emit (events.js:172:7)
14 verbose stack     at ChildProcess.<anonymous> (/usr/local/lib/node_modules/npm/lib/utils/spawn.js:24:14)
14 verbose stack     at emitTwo (events.js:87:13)
14 verbose stack     at ChildProcess.emit (events.js:172:7)
14 verbose stack     at maybeClose (internal/child_process.js:821:16)
14 verbose stack     at Process.ChildProcess._handle.onexit (internal/child_process.js:211:5)
15 verbose pkgid opsee@1.0.0
16 verbose cwd /Users/stephenboak/Sites/lasape
17 error Darwin 15.4.0
18 error argv "/usr/local/bin/node" "/usr/local/bin/npm" "run" "publish" "check-fail-rds"
19 error node v5.4.1
20 error npm  v3.3.12
21 error code ELIFECYCLE
22 error opsee@1.0.0 publish: `node ./bin/publish.js "check-fail-rds"`
22 error Exit status 1
23 error Failed at the opsee@1.0.0 publish script 'node ./bin/publish.js "check-fail-rds"'.
23 error Make sure you have the latest version of node.js and npm installed.
23 error If you do, this is most likely a problem with the opsee package,
23 error not with npm itself.
23 error Tell the author that this fails on your system:
23 error     node ./bin/publish.js "check-fail-rds"
23 error You can get their info via:
23 error     npm owner ls opsee
23 error There is likely additional logging output above.
24 verbose exit [ 1, true ]
